\BOOKMARK [1][-]{section.1}{Introduction}{}% 1
\BOOKMARK [1][-]{section.2}{Results and Discussion}{}% 2
\BOOKMARK [2][-]{subsection.2.1}{1. Uniform and normal random variables}{section.2}% 3
\BOOKMARK [3][-]{subsubsection.2.1.1}{Multinominal distribution}{subsection.2.1}% 4
\BOOKMARK [3][-]{subsubsection.2.1.2}{Variation with sample size in uniform variables}{subsection.2.1}% 5
\BOOKMARK [3][-]{subsubsection.2.1.3}{Variation with sample size in normal variables}{subsection.2.1}% 6
\BOOKMARK [3][-]{subsubsection.2.1.4}{Matlab code}{subsection.2.1}% 7
\BOOKMARK [2][-]{subsection.2.2}{2. Function of random variables}{section.2}% 8
\BOOKMARK [3][-]{subsubsection.2.2.1}{Transformation Y=aX+b}{subsection.2.2}% 9
\BOOKMARK [3][-]{subsubsection.2.2.2}{Transformation Y=X2}{subsection.2.2}% 10
\BOOKMARK [3][-]{subsubsection.2.2.3}{Sine transformations}{subsection.2.2}% 11
\BOOKMARK [3][-]{subsubsection.2.2.4}{Matlab code}{subsection.2.2}% 12
\BOOKMARK [2][-]{subsection.2.3}{3. Inverse CDF method}{section.2}% 13
\BOOKMARK [3][-]{subsubsection.2.3.1}{Generating an exponential distribution}{subsection.2.3}% 14
\BOOKMARK [3][-]{subsubsection.2.3.2}{Monte Carlo estimation}{subsection.2.3}% 15
\BOOKMARK [3][-]{subsubsection.2.3.3}{Matlab code}{subsection.2.3}% 16
\BOOKMARK [2][-]{subsection.2.4}{4. Simulation from a 'difficult' density}{section.2}% 17
\BOOKMARK [3][-]{subsubsection.2.4.1}{Tail behaviour }{subsection.2.4}% 18
\BOOKMARK [3][-]{subsubsection.2.4.2}{Links with the Gaussian}{subsection.2.4}% 19
\BOOKMARK [3][-]{subsubsection.2.4.3}{Matlab code}{subsection.2.4}% 20
\BOOKMARK [1][-]{section.3}{Conclusion}{}% 21
\BOOKMARK [1][-]{section.4}{Appendix}{}% 22
